--- Copying files at Fri Jun 17 06:52:18 UTC 2022
--- Copying files at Fri Jun 17 13:50:33 UTC 2022
--- Copying files at Fri Jun 17 13:55:40 UTC 2022
--- Copying files at Fri Jun 17 13:58:57 UTC 2022
--- Copying files at Fri Jun 17 14:06:06 UTC 2022
--- Copying files at Fri Jun 17 14:33:59 UTC 2022
--- Copying files at Wed Jun 29 21:32:51 UTC 2022
--- Copying files at Tue Jul  5 13:30:04 UTC 2022
--- Copying files at Wed Jul  6 18:17:50 UTC 2022
--- Copying files at Wed Jul  6 19:20:46 UTC 2022
--- Copying files at Thu Jul  7 14:11:42 UTC 2022
--- Copying files at Thu Jul  7 14:22:31 UTC 2022
--- Copying files at Thu Jul  7 16:47:18 UTC 2022
--- Copying files at Tue Jul 12 23:51:55 UTC 2022
--- Copying files at Thu Jul 14 01:09:27 UTC 2022
--- Copying files at Thu Jul 14 15:16:58 UTC 2022
--- Copying files at Thu Jul 14 22:57:20 UTC 2022
--- Copying files at Sat Jul 16 18:29:42 UTC 2022
--- Copying files at Sat Jul 16 18:36:09 UTC 2022
--- Copying files at Sat Jul 16 19:10:52 UTC 2022
--- Copying files at Sat Jul 16 19:12:37 UTC 2022
--- Copying files at Sat Jul 16 19:13:14 UTC 2022
--- Copying files at Sat Jul 16 19:29:11 UTC 2022
--- Copying files at Sat Jul 16 19:51:37 UTC 2022
--- Copying files at Sat Jul 16 19:57:57 UTC 2022
--- Copying files at Tue Jul 19 13:52:19 UTC 2022
--- Copying files at Tue Jul 19 13:53:52 UTC 2022
--- Copying files at Tue Jul 19 13:56:09 UTC 2022
--- Copying files at Tue Jul 19 15:06:19 UTC 2022
--- Copying files at Tue Jul 19 17:23:30 UTC 2022
--- Copying files at Tue Jul 19 22:39:49 UTC 2022
--- Copying files at Tue Jul 19 23:00:23 UTC 2022
--- Copying files at Wed Jul 20 19:57:02 UTC 2022
--- Copying files at Thu Jul 21 01:36:10 UTC 2022
--- Copying files at Thu Jul 21 13:35:43 UTC 2022
